{"level":"info","message":"::1 - - [06/Oct/2024:00:42:27 +0000] \"GET /api/ingredientes%0A HTTP/1.1\" 404 158 \"-\" \"PostmanRuntime/7.42.0\"\n","timestamp":"2024-10-06T00:42:27.702Z"}
{"level":"info","message":"::1 - - [06/Oct/2024:00:42:41 +0000] \"GET //ingredientes%0A HTTP/1.1\" 404 155 \"-\" \"PostmanRuntime/7.42.0\"\n","timestamp":"2024-10-06T00:42:41.505Z"}
{"level":"info","message":"::1 - - [06/Oct/2024:00:43:49 +0000] \"GET //ingredientes%0A HTTP/1.1\" 404 155 \"-\" \"PostmanRuntime/7.42.0\"\n","timestamp":"2024-10-06T00:43:49.697Z"}
{"level":"info","message":"::1 - - [06/Oct/2024:00:44:16 +0000] \"GET //ingredientes%0A HTTP/1.1\" 404 155 \"-\" \"PostmanRuntime/7.42.0\"\n","timestamp":"2024-10-06T00:44:16.111Z"}
{"level":"info","message":"::1 - - [06/Oct/2024:00:44:28 +0000] \"GET //ingrediente%0A HTTP/1.1\" 404 154 \"-\" \"PostmanRuntime/7.42.0\"\n","timestamp":"2024-10-06T00:44:28.486Z"}
{"level":"info","message":"::1 - - [06/Oct/2024:00:44:35 +0000] \"GET //ingredientes%0A HTTP/1.1\" 404 155 \"-\" \"PostmanRuntime/7.42.0\"\n","timestamp":"2024-10-06T00:44:35.577Z"}
{"level":"info","message":"::1 - - [06/Oct/2024:00:48:38 +0000] \"GET /ingredientes%0A HTTP/1.1\" 404 154 \"-\" \"PostmanRuntime/7.42.0\"\n","timestamp":"2024-10-06T00:48:38.846Z"}
{"level":"info","message":"::1 - - [06/Oct/2024:00:53:56 +0000] \"GET /ingredientes%0A HTTP/1.1\" 404 154 \"-\" \"PostmanRuntime/7.42.0\"\n","timestamp":"2024-10-06T00:53:56.974Z"}
{"level":"info","message":"::1 - - [06/Oct/2024:00:59:52 +0000] \"GET /ingredientes%0A HTTP/1.1\" 404 154 \"-\" \"PostmanRuntime/7.42.0\"\n","timestamp":"2024-10-06T00:59:52.480Z"}
{"level":"info","message":"::1 - - [06/Oct/2024:01:00:54 +0000] \"GET /ingredientes HTTP/1.1\" 500 45 \"-\" \"PostmanRuntime/7.42.0\"\n","timestamp":"2024-10-06T01:00:54.855Z"}
{"level":"info","message":"::1 - - [06/Oct/2024:01:02:49 +0000] \"GET /login HTTP/1.1\" 404 144 \"-\" \"PostmanRuntime/7.42.0\"\n","timestamp":"2024-10-06T01:02:49.477Z"}
{"level":"info","message":"::1 - - [06/Oct/2024:01:10:56 +0000] \"GET /ingredientes HTTP/1.1\" 500 123 \"-\" \"PostmanRuntime/7.42.0\"\n","timestamp":"2024-10-06T01:10:56.292Z"}
{"level":"info","message":"::1 - - [06/Oct/2024:01:27:28 +0000] \"GET /ingredientes%0A HTTP/1.1\" 404 154 \"-\" \"PostmanRuntime/7.42.0\"\n","timestamp":"2024-10-06T01:27:28.823Z"}
{"level":"info","message":"::1 - - [06/Oct/2024:01:27:42 +0000] \"GET /ingredientes%0A HTTP/1.1\" 404 154 \"-\" \"PostmanRuntime/7.42.0\"\n","timestamp":"2024-10-06T01:27:42.764Z"}
{"level":"info","message":"::1 - - [06/Oct/2024:01:28:26 +0000] \"GET /ingredientes?q=tomatoo HTTP/1.1\" 200 2 \"-\" \"PostmanRuntime/7.42.0\"\n","timestamp":"2024-10-06T01:28:26.899Z"}
{"level":"info","message":"::1 - - [06/Oct/2024:01:29:41 +0000] \"GET /ingredientes?q=tomatoo HTTP/1.1\" 200 2 \"-\" \"PostmanRuntime/7.42.0\"\n","timestamp":"2024-10-06T01:29:41.068Z"}
{"level":"info","message":"::1 - - [06/Oct/2024:01:31:04 +0000] \"GET /ingredientes?q=tomato HTTP/1.1\" 200 652 \"-\" \"PostmanRuntime/7.42.0\"\n","timestamp":"2024-10-06T01:31:04.024Z"}
{"level":"info","message":"::1 - - [06/Oct/2024:01:36:37 +0000] \"GET /ingredientes HTTP/1.1\" 200 652 \"-\" \"PostmanRuntime/7.42.0\"\n","timestamp":"2024-10-06T01:36:37.618Z"}
{"level":"info","message":"::1 - - [06/Oct/2024:01:54:52 +0000] \"GET /ingredientes/1123 HTTP/1.1\" 200 185 \"-\" \"PostmanRuntime/7.42.0\"\n","timestamp":"2024-10-06T01:54:52.944Z"}
{"level":"info","message":"::1 - - [06/Oct/2024:01:55:34 +0000] \"GET /ingredientes HTTP/1.1\" 404 151 \"-\" \"PostmanRuntime/7.42.0\"\n","timestamp":"2024-10-06T01:55:34.208Z"}
{"level":"info","message":"::1 - - [06/Oct/2024:01:55:46 +0000] \"GET /ingredientes/1123 HTTP/1.1\" 200 185 \"-\" \"PostmanRuntime/7.42.0\"\n","timestamp":"2024-10-06T01:55:46.092Z"}
{"level":"info","message":"::1 - - [06/Oct/2024:01:56:18 +0000] \"GET /ingredientes/1124 HTTP/1.1\" 200 141 \"-\" \"PostmanRuntime/7.42.0\"\n","timestamp":"2024-10-06T01:56:18.038Z"}
{"level":"info","message":"::1 - - [06/Oct/2024:01:56:23 +0000] \"GET /ingredientes/1123 HTTP/1.1\" 200 185 \"-\" \"PostmanRuntime/7.42.0\"\n","timestamp":"2024-10-06T01:56:23.645Z"}
{"level":"info","message":"::1 - - [06/Oct/2024:01:59:42 +0000] \"GET /ingredientes/11529 HTTP/1.1\" 200 260 \"-\" \"PostmanRuntime/7.42.0\"\n","timestamp":"2024-10-06T01:59:42.079Z"}
{"level":"info","message":"::1 - - [06/Oct/2024:02:01:23 +0000] \"GET /ingredientes HTTP/1.1\" 500 53 \"-\" \"PostmanRuntime/7.42.0\"\n","timestamp":"2024-10-06T02:01:23.066Z"}
{"level":"info","message":"::1 - - [06/Oct/2024:02:01:51 +0000] \"GET /ingredientes HTTP/1.1\" 500 53 \"-\" \"PostmanRuntime/7.42.0\"\n","timestamp":"2024-10-06T02:01:51.025Z"}
{"level":"info","message":"::1 - - [06/Oct/2024:02:02:22 +0000] \"GET /ingredientes HTTP/1.1\" 500 53 \"-\" \"PostmanRuntime/7.42.0\"\n","timestamp":"2024-10-06T02:02:22.627Z"}
{"level":"info","message":"::1 - - [06/Oct/2024:02:05:11 +0000] \"GET /ingredientes HTTP/1.1\" 500 53 \"-\" \"PostmanRuntime/7.42.0\"\n","timestamp":"2024-10-06T02:05:11.251Z"}
{"level":"info","message":"::1 - - [06/Oct/2024:02:07:03 +0000] \"GET /ingredientes HTTP/1.1\" 500 53 \"-\" \"PostmanRuntime/7.42.0\"\n","timestamp":"2024-10-06T02:07:03.938Z"}
{"level":"info","message":"::1 - - [06/Oct/2024:02:10:33 +0000] \"GET /ingredientes HTTP/1.1\" 500 53 \"-\" \"PostmanRuntime/7.42.0\"\n","timestamp":"2024-10-06T02:10:33.810Z"}
{"level":"info","message":"::1 - - [06/Oct/2024:02:12:46 +0000] \"GET /ingredientes HTTP/1.1\" 500 53 \"-\" \"PostmanRuntime/7.42.0\"\n","timestamp":"2024-10-06T02:12:46.778Z"}
{"level":"info","message":"::1 - - [06/Oct/2024:02:20:13 +0000] \"GET /ingredientes HTTP/1.1\" 200 705 \"-\" \"PostmanRuntime/7.42.0\"\n","timestamp":"2024-10-06T02:20:13.100Z"}
{"level":"info","message":"::1 - - [06/Oct/2024:02:20:58 +0000] \"GET /ingredientes HTTP/1.1\" 200 3000 \"-\" \"PostmanRuntime/7.42.0\"\n","timestamp":"2024-10-06T02:20:58.005Z"}
